TN:
SF:src\core\abort.ts
FN:34,composeWithTimeout
FN:73,isTimeoutAbortReason
FN:101,isAbortError
FN:128,wasExternallyAborted
FN:163,onceAborted
FN:167,(anonymous_5)
FN:172,(anonymous_6)
FNF:7
FNH:7
FNDA:8,composeWithTimeout
FNDA:25,isTimeoutAbortReason
FNDA:9,isAbortError
FNDA:12,wasExternallyAborted
FNDA:10,onceAborted
FNDA:5,(anonymous_5)
FNDA:5,(anonymous_6)
DA:38,8
DA:41,8
DA:42,2
DA:47,6
DA:75,25
DA:102,9
DA:129,12
DA:130,2
DA:134,10
DA:135,2
DA:139,8
DA:167,10
DA:169,10
DA:172,10
DA:173,5
LF:15
LH:15
BRDA:41,0,0,2
BRDA:41,0,1,6
BRDA:76,1,0,25
BRDA:76,1,1,21
BRDA:76,1,2,20
BRDA:103,2,0,9
BRDA:103,2,1,5
BRDA:103,2,2,4
BRDA:129,3,0,2
BRDA:129,3,1,10
BRDA:129,4,0,12
BRDA:129,4,1,11
BRDA:134,5,0,2
BRDA:134,5,1,8
BRF:14
BRH:14
end_of_record
TN:
SF:src\core\config.ts
FN:50,(anonymous_0)
FN:58,(anonymous_1)
FN:76,(anonymous_2)
FN:87,(anonymous_3)
FN:98,(anonymous_4)
FN:114,(anonymous_5)
FN:125,(anonymous_6)
FN:163,(anonymous_7)
FN:170,(anonymous_8)
FN:177,(anonymous_9)
FN:184,(anonymous_10)
FN:191,(anonymous_11)
FN:198,(anonymous_12)
FN:205,(anonymous_13)
FNF:14
FNH:13
FNDA:3,(anonymous_0)
FNDA:3,(anonymous_1)
FNDA:3,(anonymous_2)
FNDA:3,(anonymous_3)
FNDA:6,(anonymous_4)
FNDA:0,(anonymous_5)
FNDA:3,(anonymous_6)
FNDA:3,(anonymous_7)
FNDA:12,(anonymous_8)
FNDA:8,(anonymous_9)
FNDA:18,(anonymous_10)
FNDA:7,(anonymous_11)
FNDA:7,(anonymous_12)
FNDA:7,(anonymous_13)
DA:11,3
DA:51,3
DA:52,3
DA:59,3
DA:77,3
DA:78,3
DA:79,3
DA:81,0
DA:88,3
DA:89,3
DA:90,0
DA:92,3
DA:99,6
DA:100,6
DA:101,6
DA:103,0
DA:104,0
DA:105,0
DA:106,0
DA:108,0
DA:115,0
DA:116,0
DA:117,0
DA:119,0
DA:127,3
DA:128,0
DA:131,3
DA:132,0
DA:136,3
DA:137,0
DA:141,3
DA:142,3
DA:144,0
DA:148,3
DA:149,0
DA:164,3
DA:171,12
DA:178,8
DA:185,18
DA:192,7
DA:199,7
DA:206,7
DA:211,3
DA:214,3
DA:217,3
DA:218,3
DA:219,3
DA:220,3
DA:221,3
DA:222,3
LF:50
LH:34
BRDA:63,0,0,3
BRDA:63,0,1,0
BRDA:64,1,0,3
BRDA:64,1,1,0
BRDA:65,2,0,3
BRDA:65,2,1,0
BRDA:66,3,0,3
BRDA:66,3,1,0
BRDA:78,4,0,3
BRDA:78,4,1,0
BRDA:78,5,0,3
BRDA:78,5,1,3
BRDA:89,6,0,0
BRDA:89,6,1,3
BRDA:89,7,0,3
BRDA:89,7,1,3
BRDA:89,7,2,3
BRDA:89,7,3,3
BRDA:100,8,0,6
BRDA:100,8,1,0
BRDA:104,9,0,0
BRDA:104,9,1,0
BRDA:116,10,0,0
BRDA:116,10,1,0
BRDA:119,11,0,0
BRDA:119,11,1,0
BRDA:127,12,0,0
BRDA:127,12,1,3
BRDA:131,13,0,0
BRDA:131,13,1,3
BRDA:136,14,0,0
BRDA:136,14,1,3
BRDA:148,15,0,0
BRDA:148,15,1,3
BRF:34
BRH:17
end_of_record
TN:
SF:src\core\errors.ts
FN:18,(anonymous_0)
FN:38,(anonymous_1)
FN:49,(anonymous_2)
FN:62,(anonymous_3)
FN:68,(anonymous_4)
FN:74,(anonymous_5)
FN:80,(anonymous_6)
FN:86,(anonymous_7)
FN:92,(anonymous_8)
FN:98,(anonymous_9)
FN:108,(anonymous_10)
FN:116,(anonymous_11)
FN:132,(anonymous_12)
FN:138,(anonymous_13)
FN:148,(anonymous_14)
FN:156,(anonymous_15)
FN:174,(anonymous_16)
FN:190,(anonymous_17)
FN:203,(anonymous_18)
FN:222,(anonymous_19)
FN:241,(anonymous_20)
FN:271,(anonymous_21)
FN:295,(anonymous_22)
FN:303,(anonymous_23)
FN:325,(anonymous_24)
FN:347,(anonymous_25)
FN:369,(anonymous_26)
FN:392,(anonymous_27)
FN:417,(anonymous_28)
FN:439,(anonymous_29)
FN:463,(anonymous_30)
FN:471,(anonymous_31)
FN:493,(anonymous_32)
FN:515,(anonymous_33)
FN:535,(anonymous_34)
FN:543,(anonymous_35)
FN:563,(anonymous_36)
FN:576,isConnectionError
FN:580,isAuthenticationError
FN:584,isProtocolError
FN:588,isParseError
FN:592,isValidationError
FN:596,isBusinessLogicError
FN:600,isMCPError
FN:604,isInternalError
FN:608,isBCError
FNF:46
FNH:46
FNDA:115,(anonymous_0)
FNDA:2,(anonymous_1)
FNDA:2,(anonymous_2)
FNDA:19,(anonymous_3)
FNDA:8,(anonymous_4)
FNDA:1,(anonymous_5)
FNDA:2,(anonymous_6)
FNDA:11,(anonymous_7)
FNDA:5,(anonymous_8)
FNDA:1,(anonymous_9)
FNDA:12,(anonymous_10)
FNDA:2,(anonymous_11)
FNDA:7,(anonymous_12)
FNDA:1,(anonymous_13)
FNDA:4,(anonymous_14)
FNDA:2,(anonymous_15)
FNDA:1,(anonymous_16)
FNDA:1,(anonymous_17)
FNDA:7,(anonymous_18)
FNDA:1,(anonymous_19)
FNDA:3,(anonymous_20)
FNDA:1,(anonymous_21)
FNDA:2,(anonymous_22)
FNDA:2,(anonymous_23)
FNDA:1,(anonymous_24)
FNDA:1,(anonymous_25)
FNDA:1,(anonymous_26)
FNDA:2,(anonymous_27)
FNDA:1,(anonymous_28)
FNDA:1,(anonymous_29)
FNDA:4,(anonymous_30)
FNDA:1,(anonymous_31)
FNDA:1,(anonymous_32)
FNDA:1,(anonymous_33)
FNDA:4,(anonymous_34)
FNDA:2,(anonymous_35)
FNDA:2,(anonymous_36)
FNDA:4,isConnectionError
FNDA:3,isAuthenticationError
FNDA:3,isProtocolError
FNDA:3,isParseError
FNDA:3,isValidationError
FNDA:3,isBusinessLogicError
FNDA:3,isMCPError
FNDA:3,isInternalError
FNDA:8,isBCError
DA:23,115
DA:24,115
DA:25,115
DA:26,115
DA:27,115
DA:30,115
DA:31,115
DA:35,115
DA:39,2
DA:50,2
DA:53,2
DA:63,19
DA:69,8
DA:75,1
DA:81,2
DA:87,11
DA:93,5
DA:99,1
DA:109,12
DA:121,2
DA:122,2
DA:133,7
DA:139,1
DA:149,4
DA:161,2
DA:162,2
DA:179,1
DA:180,1
DA:191,1
DA:209,7
DA:214,7
DA:215,7
DA:227,1
DA:228,1
DA:247,3
DA:253,3
DA:259,3
DA:276,1
DA:281,1
DA:296,2
DA:308,2
DA:313,2
DA:330,1
DA:335,1
DA:352,1
DA:357,1
DA:374,1
DA:379,1
DA:398,2
DA:399,2
DA:405,2
DA:422,1
DA:427,1
DA:444,1
DA:449,1
DA:464,4
DA:476,1
DA:481,1
DA:498,1
DA:503,1
DA:520,1
DA:521,1
DA:536,4
DA:548,2
DA:553,2
DA:564,2
DA:577,4
DA:581,3
DA:585,3
DA:589,3
DA:593,3
DA:597,3
DA:601,3
DA:605,3
DA:609,8
LF:75
LH:75
BRDA:30,0,0,115
BRDA:30,0,1,0
BRDA:50,1,0,1
BRDA:50,1,1,1
BRDA:309,2,0,2
BRDA:309,2,1,1
BRDA:331,3,0,1
BRDA:331,3,1,1
BRDA:353,4,0,1
BRDA:353,4,1,1
BRDA:375,5,0,1
BRDA:375,5,1,1
BRDA:423,6,0,1
BRDA:423,6,1,1
BRDA:445,7,0,1
BRDA:445,7,1,1
BRDA:477,8,0,1
BRDA:477,8,1,1
BRDA:499,9,0,1
BRDA:499,9,1,1
BRDA:549,10,0,2
BRDA:549,10,1,2
BRDA:549,11,0,2
BRDA:549,11,1,1
BRDA:565,12,0,2
BRDA:565,12,1,1
BRF:26
BRH:25
end_of_record
TN:
SF:src\core\logger.ts
FN:29,getConfig
FN:40,createLogger
FN:93,createChildLogger
FN:104,createToolLogger
FN:125,createConnectionLogger
FN:143,(anonymous_5)
FN:150,(anonymous_6)
FN:157,(anonymous_7)
FN:164,(anonymous_8)
FN:179,shutdownLogger
FN:188,(anonymous_10)
FN:194,isLoggerShuttingDown
FNF:12
FNH:9
FNDA:2,getConfig
FNDA:2,createLogger
FNDA:22,createChildLogger
FNDA:9,createToolLogger
FNDA:6,createConnectionLogger
FNDA:5,(anonymous_5)
FNDA:3,(anonymous_6)
FNDA:23,(anonymous_7)
FNDA:11,(anonymous_8)
FNDA:0,shutdownLogger
FNDA:0,(anonymous_10)
FNDA:0,isLoggerShuttingDown
DA:30,2
DA:41,2
DA:43,2
DA:58,2
DA:59,0
DA:73,2
DA:79,2
DA:94,22
DA:108,9
DA:109,9
DA:111,5
DA:112,5
DA:113,5
DA:115,9
DA:129,6
DA:130,6
DA:131,2
DA:133,6
DA:139,2
DA:144,5
DA:151,3
DA:158,23
DA:165,11
DA:172,2
DA:180,0
DA:181,0
DA:184,0
DA:188,0
DA:195,0
LF:29
LH:23
BRDA:45,0,0,2
BRDA:45,0,1,0
BRDA:58,1,0,0
BRDA:58,1,1,2
BRDA:109,2,0,5
BRDA:109,2,1,4
BRDA:130,3,0,2
BRDA:130,3,1,4
BRDA:144,4,0,5
BRDA:144,4,1,4
BRDA:180,5,0,0
BRDA:180,5,1,0
BRF:12
BRH:8
end_of_record
TN:
SF:src\core\result.ts
FN:32,ok
FN:36,err
FN:44,isOk
FN:48,isErr
FN:62,unwrap
FN:73,unwrapOr
FN:80,unwrapOrElse
FN:93,unwrapErr
FN:107,map
FN:117,mapErr
FN:128,andThen
FN:138,orElse
FN:153,all
FN:169,any
FN:189,combine
FN:201,combine3
FN:219,mapAsync
FN:229,andThenAsync
FN:239,fromPromise
FN:253,fromPromiseWith
FN:272,fromThrowable
FN:283,fromThrowableWith
FN:298,inspect
FN:312,inspectErr
FN:326,match
FN:339,matchAsync
FN:358,partition
FN:381,filterOk
FN:383,(anonymous_28)
FN:384,(anonymous_29)
FN:390,filterErr
FN:392,(anonymous_31)
FN:393,(anonymous_32)
FNF:33
FNH:33
FNDA:112,ok
FNDA:92,err
FNDA:185,isOk
FNDA:87,isErr
FNDA:21,unwrap
FNDA:3,unwrapOr
FNDA:3,unwrapOrElse
FNDA:4,unwrapErr
FNDA:8,map
FNDA:3,mapErr
FNDA:6,andThen
FNDA:3,orElse
FNDA:5,all
FNDA:5,any
FNDA:4,combine
FNDA:2,combine3
FNDA:4,mapAsync
FNDA:4,andThenAsync
FNDA:5,fromPromise
FNDA:3,fromPromiseWith
FNDA:4,fromThrowable
FNDA:3,fromThrowableWith
FNDA:3,inspect
FNDA:3,inspectErr
FNDA:3,match
FNDA:3,matchAsync
FNDA:4,partition
FNDA:4,filterOk
FNDA:10,(anonymous_28)
FNDA:6,(anonymous_29)
FNDA:4,filterErr
FNDA:11,(anonymous_31)
FNDA:5,(anonymous_32)
DA:33,112
DA:37,92
DA:45,185
DA:49,87
DA:63,21
DA:64,19
DA:66,2
DA:74,3
DA:84,3
DA:94,4
DA:95,3
DA:97,1
DA:111,8
DA:121,3
DA:132,6
DA:142,3
DA:154,5
DA:156,5
DA:157,9
DA:158,1
DA:160,8
DA:163,4
DA:170,5
DA:171,1
DA:176,4
DA:177,7
DA:178,2
DA:180,5
DA:183,2
DA:193,4
DA:194,2
DA:195,1
DA:206,2
DA:207,2
DA:208,1
DA:209,1
DA:223,4
DA:233,4
DA:242,5
DA:243,5
DA:244,2
DA:246,3
DA:257,3
DA:258,3
DA:259,1
DA:261,2
DA:273,4
DA:274,4
DA:276,2
DA:287,3
DA:288,3
DA:290,2
DA:302,3
DA:303,2
DA:305,3
DA:316,3
DA:317,2
DA:319,3
DA:333,3
DA:346,3
DA:364,4
DA:365,4
DA:367,4
DA:368,11
DA:369,6
DA:371,5
DA:375,4
DA:382,4
DA:383,10
DA:384,6
DA:391,4
DA:392,11
DA:393,5
LF:73
LH:73
BRDA:63,0,0,19
BRDA:63,0,1,2
BRDA:74,1,0,1
BRDA:74,1,1,2
BRDA:84,2,0,1
BRDA:84,2,1,2
BRDA:94,3,0,3
BRDA:94,3,1,1
BRDA:111,4,0,6
BRDA:111,4,1,2
BRDA:121,5,0,2
BRDA:121,5,1,1
BRDA:132,6,0,5
BRDA:132,6,1,1
BRDA:142,7,0,2
BRDA:142,7,1,1
BRDA:157,8,0,1
BRDA:157,8,1,8
BRDA:170,9,0,1
BRDA:170,9,1,4
BRDA:177,10,0,2
BRDA:177,10,1,5
BRDA:193,11,0,2
BRDA:193,11,1,2
BRDA:194,12,0,1
BRDA:194,12,1,1
BRDA:206,13,0,0
BRDA:206,13,1,2
BRDA:207,14,0,1
BRDA:207,14,1,1
BRDA:208,15,0,0
BRDA:208,15,1,1
BRDA:223,16,0,3
BRDA:223,16,1,1
BRDA:233,17,0,3
BRDA:233,17,1,1
BRDA:246,18,0,2
BRDA:246,18,1,1
BRDA:276,19,0,1
BRDA:276,19,1,1
BRDA:302,20,0,2
BRDA:302,20,1,1
BRDA:316,21,0,2
BRDA:316,21,1,1
BRDA:333,22,0,2
BRDA:333,22,1,1
BRDA:346,23,0,2
BRDA:346,23,1,1
BRDA:368,24,0,6
BRDA:368,24,1,5
BRF:50
BRH:48
end_of_record
TN:
SF:src\core\retry.ts
FN:102,retryWithBackoff
FN:258,isRetryableAtConnectionBoundary
FN:311,isRetryableError
FN:331,delay
FN:335,(anonymous_4)
FN:357,(anonymous_5)
FN:369,(anonymous_6)
FN:376,(anonymous_7)
FNF:8
FNH:8
FNDA:11,retryWithBackoff
FNDA:31,isRetryableAtConnectionBoundary
FNDA:17,isRetryableError
FNDA:12,delay
FNDA:12,(anonymous_4)
FNDA:12,(anonymous_5)
FNDA:10,(anonymous_6)
FNDA:2,(anonymous_7)
DA:33,1
DA:115,11
DA:118,11
DA:119,1
DA:120,1
DA:126,0
DA:135,10
DA:138,10
DA:140,20
DA:141,0
DA:142,0
DA:150,0
DA:161,20
DA:164,20
DA:165,5
DA:166,4
DA:171,5
DA:175,15
DA:178,15
DA:179,1
DA:183,1
DA:187,14
DA:188,2
DA:192,2
DA:196,12
DA:197,2
DA:201,12
DA:202,12
DA:203,20
DA:205,20
DA:211,20
DA:212,12
DA:214,2
DA:218,10
DA:222,0
DA:260,31
DA:267,8
DA:271,23
DA:277,16
DA:281,7
DA:282,7
DA:284,7
DA:292,4
DA:295,3
DA:299,0
DA:313,17
DA:335,12
DA:337,12
DA:338,0
DA:339,0
DA:345,0
DA:351,0
DA:357,12
DA:358,12
DA:359,12
DA:360,12
DA:362,12
DA:363,2
DA:364,2
DA:369,12
DA:370,10
DA:371,10
DA:375,12
DA:376,2
DA:377,2
DA:378,2
DA:379,0
DA:387,2
DA:394,2
LF:69
LH:58
BRDA:104,0,0,11
BRDA:107,1,0,11
BRDA:108,2,0,11
BRDA:109,3,0,11
BRDA:110,4,0,11
BRDA:111,5,0,11
BRDA:112,6,0,11
BRDA:118,7,0,1
BRDA:118,7,1,10
BRDA:119,8,0,1
BRDA:119,8,1,0
BRDA:140,9,0,0
BRDA:140,9,1,20
BRDA:141,10,0,0
BRDA:141,10,1,0
BRDA:164,11,0,5
BRDA:164,11,1,15
BRDA:165,12,0,4
BRDA:165,12,1,1
BRDA:168,13,0,1
BRDA:168,13,1,3
BRDA:178,14,0,1
BRDA:178,14,1,14
BRDA:187,15,0,2
BRDA:187,15,1,12
BRDA:196,16,0,2
BRDA:196,16,1,10
BRDA:202,17,0,0
BRDA:202,17,1,12
BRDA:212,18,0,2
BRDA:212,18,1,10
BRDA:223,19,0,0
BRDA:223,19,1,0
BRDA:260,20,0,8
BRDA:260,20,1,23
BRDA:261,21,0,31
BRDA:261,21,1,30
BRDA:261,21,2,27
BRDA:261,21,3,26
BRDA:261,21,4,24
BRDA:271,22,0,16
BRDA:271,22,1,7
BRDA:272,23,0,23
BRDA:272,23,1,14
BRDA:272,23,2,7
BRDA:272,23,3,7
BRDA:281,24,0,7
BRDA:281,24,1,0
BRDA:284,25,0,4
BRDA:284,25,1,3
BRDA:285,26,0,7
BRDA:285,26,1,5
BRDA:285,26,2,4
BRDA:285,26,3,4
BRDA:285,26,4,4
BRDA:285,26,5,4
BRDA:337,27,0,0
BRDA:337,27,1,12
BRDA:338,28,0,0
BRDA:338,28,1,0
BRDA:358,29,0,12
BRDA:358,29,1,0
BRDA:362,30,0,2
BRDA:362,30,1,10
BRDA:362,31,0,12
BRDA:362,31,1,2
BRDA:375,32,0,2
BRDA:375,32,1,10
BRDA:378,33,0,0
BRDA:378,33,1,2
BRF:70
BRH:57
end_of_record
TN:
SF:src\protocol\decompression.ts
FN:24,decompressBCPayload
FN:55,decompressIfNeeded
FN:68,isCompressedMessage
FNF:3
FNH:3
FNDA:11,decompressBCPayload
FNDA:7,decompressIfNeeded
FNDA:10,isCompressedMessage
DA:25,11
DA:27,11
DA:30,11
DA:33,11
DA:36,11
DA:38,11
DA:40,6
DA:57,7
DA:58,2
DA:62,5
DA:69,10
LF:11
LH:11
BRDA:42,0,0,6
BRDA:42,0,1,0
BRDA:57,1,0,2
BRDA:57,1,1,5
BRDA:57,2,0,7
BRDA:57,2,1,3
BRDA:69,3,0,10
BRDA:69,3,1,3
BRF:8
BRH:7
end_of_record
